The target system is: Generic - 3.2.99 - arm
The host system is: Windows - 10.0.19045 - AMD64
Compiling the C compiler identification source file "CMakeCCompilerId.c" succeeded.
Compiler: E:/Programas/ncs/toolchains/v2.3.0/opt/zephyr-sdk/arm-zephyr-eabi/bin/arm-zephyr-eabi-gcc.exe 
Build flags: 
Id flags: -c 

The output was:
0


Compilation of the C compiler identification source "CMakeCCompilerId.c" produced "CMakeCCompilerId.o"

The C compiler identification is GNU, found in "E:/Projects/estagio/openthread-fund/lessons/nordic-openthread-fund/aula-3/coap-server-example/build/CMakeFiles/3.20.5/CompilerIdC/CMakeCCompilerId.o"

Compiling the CXX compiler identification source file "CMakeCXXCompilerId.cpp" succeeded.
Compiler: E:/Programas/ncs/toolchains/v2.3.0/opt/zephyr-sdk/arm-zephyr-eabi/bin/arm-zephyr-eabi-g++.exe 
Build flags: 
Id flags: -c 

The output was:
0


Compilation of the CXX compiler identification source "CMakeCXXCompilerId.cpp" produced "CMakeCXXCompilerId.o"

The CXX compiler identification is GNU, found in "E:/Projects/estagio/openthread-fund/lessons/nordic-openthread-fund/aula-3/coap-server-example/build/CMakeFiles/3.20.5/CompilerIdCXX/CMakeCXXCompilerId.o"

Checking whether the ASM compiler is GNU using "--version" matched "(GNU assembler)|(GCC)|(Free Software Foundation)":
arm-zephyr-eabi-gcc.exe (Zephyr SDK 0.15.2) 12.1.0
Copyright (C) 2022 Free Software Foundation, Inc.
This is free software; see the source for copying conditions.  There is NO
warranty; not even for MERCHANTABILITY or FITNESS FOR A PARTICULAR PURPOSE.

Performing C SOURCE FILE Test check_fmacro_prefix_map_E__Projects_estagio_openthread_fund_lessons_nordic_openthread_fund_aula_3_coap_server_example_CMAKE_SOURCE_DIR_C__nostartfiles__nostdlib__isystem__e__programas_ncs_toolchains_v2_3_0_opt_zephyr_sdk_arm_zephyr_eabi_bin____lib_gcc_arm_zephyr_eabi_12_1_0_include___isystem__e__programas_ncs_toolchains_v2_3_0_opt_zephyr_sdk_arm_zephyr_eabi_bin____lib_gcc_arm_zephyr_eabi_12_1_0_include_fixed___Wl___unresolved_symbols_ignore_in_object_files__Wl___entry_0 succeeded with the following output:
Change Dir: E:/Projects/estagio/openthread-fund/lessons/nordic-openthread-fund/aula-3/coap-server-example/build/CMakeFiles/CMakeTmp

Run Build Command(s):E:/Programas/ncs/toolchains/v2.3.0/opt/bin/ninja.exe cmTC_26f89 && [1/2] Building C object CMakeFiles/cmTC_26f89.dir/src.c.obj
[2/2] Linking C executable cmTC_26f89


Source file was:
int main(void) { return 0; }
Performing C++ SOURCE FILE Test check_fmacro_prefix_map_E__Projects_estagio_openthread_fund_lessons_nordic_openthread_fund_aula_3_coap_server_example_CMAKE_SOURCE_DIR_CXX__nostartfiles__nostdlib__isystem__e__programas_ncs_toolchains_v2_3_0_opt_zephyr_sdk_arm_zephyr_eabi_bin____lib_gcc_arm_zephyr_eabi_12_1_0_include___isystem__e__programas_ncs_toolchains_v2_3_0_opt_zephyr_sdk_arm_zephyr_eabi_bin____lib_gcc_arm_zephyr_eabi_12_1_0_include_fixed___Wl___unresolved_symbols_ignore_in_object_files__Wl___entry_0 succeeded with the following output:
Change Dir: E:/Projects/estagio/openthread-fund/lessons/nordic-openthread-fund/aula-3/coap-server-example/build/CMakeFiles/CMakeTmp

Run Build Command(s):E:/Programas/ncs/toolchains/v2.3.0/opt/bin/ninja.exe cmTC_3f19f && [1/2] Building CXX object CMakeFiles/cmTC_3f19f.dir/src.cxx.obj
[2/2] Linking CXX executable cmTC_3f19f


Source file was:
int main() { return 0; }
